# JRE version: OpenJDK Runtime Environment (8.0_362-b09) (build 1.8.0_362-8u372-ga~us1-0ubuntu1~18.04-b09)
# Java VM: OpenJDK 64-Bit Server VM (25.362-b09 mixed mode linux-amd64 compressed oops)
Heap:
 PSYoungGen      total 8771584K, used 36169K [0x0000000580000000, 0x000000079ee80000, 0x0000000800000000)
  eden space 8681984K, 0% used [0x0000000580000000,0x0000000580000000,0x0000000791e80000)
  from space 89600K, 40% used [0x0000000791e80000,0x00000007941d2680,0x0000000797600000)
  to   space 89600K, 0% used [0x0000000797600000,0x0000000797600000,0x000000079cd80000)
 ParOldGen       total 7775232K, used 7151624K [0x0000000080000000, 0x000000025a900000, 0x0000000580000000)
  object space 7775232K, 91% used [0x0000000080000000,0x0000000234802110,0x000000025a900000)
 Metaspace       used 77927K, capacity 84358K, committed 96640K, reserved 1134592K
  class space    used 9318K, capacity 10064K, committed 12160K, reserved 1048576K
GC Heap History (10 events):
Event: 40652.033 GC heap after
Heap after GC invocations=2788 (full 34):
 PSYoungGen      total 6793216K, used 29979K [0x0000000580000000, 0x0000000725300000, 0x0000000800000000)
  eden space 6716416K, 0% used [0x0000000580000000,0x0000000580000000,0x0000000719f00000)
  from space 76800K, 39% used [0x0000000720800000,0x0000000722546f58,0x0000000725300000)
  to   space 92160K, 0% used [0x0000000719f00000,0x0000000719f00000,0x000000071f900000)
 ParOldGen       total 7775232K, used 7150518K [0x0000000080000000, 0x000000025a900000, 0x0000000580000000)
  object space 7775232K, 91% used [0x0000000080000000,0x00000002346edba8,0x000000025a900000)
 Metaspace       used 77858K, capacity 84248K, committed 96640K, reserved 1134592K
  class space    used 9306K, capacity 10042K, committed 12160K, reserved 1048576K
}
Event: 40660.570 GC heap before
{Heap before GC invocations=2789 (full 34):
 PSYoungGen      total 6793216K, used 6746395K [0x0000000580000000, 0x0000000725300000, 0x0000000800000000)
  eden space 6716416K, 100% used [0x0000000580000000,0x0000000719f00000,0x0000000719f00000)
  from space 76800K, 39% used [0x0000000720800000,0x0000000722546f58,0x0000000725300000)
  to   space 92160K, 0% used [0x0000000719f00000,0x0000000719f00000,0x000000071f900000)
 ParOldGen       total 7775232K, used 7150518K [0x0000000080000000, 0x000000025a900000, 0x0000000580000000)
  object space 7775232K, 91% used [0x0000000080000000,0x00000002346edba8,0x000000025a900000)
 Metaspace       used 77871K, capacity 84268K, committed 96640K, reserved 1134592K
  class space    used 9308K, capacity 10046K, committed 12160K, reserved 1048576K
Event: 40660.647 GC heap after
Heap after GC invocations=2789 (full 34):
 PSYoungGen      total 6808576K, used 17612K [0x0000000580000000, 0x000000075e300000, 0x0000000800000000)
  eden space 6716416K, 0% used [0x0000000580000000,0x0000000580000000,0x0000000719f00000)
  from space 92160K, 19% used [0x0000000719f00000,0x000000071b033358,0x000000071f900000)
  to   space 92160K, 0% used [0x0000000758900000,0x0000000758900000,0x000000075e300000)
 ParOldGen       total 7775232K, used 7150558K [0x0000000080000000, 0x000000025a900000, 0x0000000580000000)
  object space 7775232K, 91% used [0x0000000080000000,0x00000002346f7bb8,0x000000025a900000)
 Metaspace       used 77871K, capacity 84268K, committed 96640K, reserved 1134592K
  class space    used 9308K, capacity 10046K, committed 12160K, reserved 1048576K
}
Event: 40668.223 GC heap before
{Heap before GC invocations=2790 (full 34):
 PSYoungGen      total 6808576K, used 6734028K [0x0000000580000000, 0x000000075e300000, 0x0000000800000000)
  eden space 6716416K, 100% used [0x0000000580000000,0x0000000719f00000,0x0000000719f00000)
  from space 92160K, 19% used [0x0000000719f00000,0x000000071b033358,0x000000071f900000)
  to   space 92160K, 0% used [0x0000000758900000,0x0000000758900000,0x000000075e300000)
 ParOldGen       total 7775232K, used 7150558K [0x0000000080000000, 0x000000025a900000, 0x0000000580000000)
  object space 7775232K, 91% used [0x0000000080000000,0x00000002346f7bb8,0x000000025a900000)
 Metaspace       used 77889K, capacity 84298K, committed 96640K, reserved 1134592K
  class space    used 9311K, capacity 10052K, committed 12160K, reserved 1048576K
Event: 40668.337 GC heap after
Heap after GC invocations=2790 (full 34):
 PSYoungGen      total 7740416K, used 24449K [0x0000000580000000, 0x000000075e000000, 0x0000000800000000)
  eden space 7651328K, 0% used [0x0000000580000000,0x0000000580000000,0x0000000753000000)
  from space 89088K, 27% used [0x0000000758900000,0x000000075a0e0508,0x000000075e000000)
  to   space 90112K, 0% used [0x0000000753000000,0x0000000753000000,0x0000000758800000)
 ParOldGen       total 7775232K, used 7150678K [0x0000000080000000, 0x000000025a900000, 0x0000000580000000)
  object space 7775232K, 91% used [0x0000000080000000,0x0000000234715bd8,0x000000025a900000)
 Metaspace       used 77889K, capacity 84298K, committed 96640K, reserved 1134592K
  class space    used 9311K, capacity 10052K, committed 12160K, reserved 1048576K
}
Event: 40677.273 GC heap before
{Heap before GC invocations=2791 (full 34):
 PSYoungGen      total 7740416K, used 7675777K [0x0000000580000000, 0x000000075e000000, 0x0000000800000000)
  eden space 7651328K, 100% used [0x0000000580000000,0x0000000753000000,0x0000000753000000)
  from space 89088K, 27% used [0x0000000758900000,0x000000075a0e0508,0x000000075e000000)
  to   space 90112K, 0% used [0x0000000753000000,0x0000000753000000,0x0000000758800000)
 ParOldGen       total 7775232K, used 7150678K [0x0000000080000000, 0x000000025a900000, 0x0000000580000000)
  object space 7775232K, 91% used [0x0000000080000000,0x0000000234715bd8,0x000000025a900000)
 Metaspace       used 77896K, capacity 84308K, committed 96640K, reserved 1134592K
  class space    used 9312K, capacity 10054K, committed 12160K, reserved 1048576K
Event: 40677.359 GC heap after
Heap after GC invocations=2791 (full 34):
 PSYoungGen      total 7741440K, used 12633K [0x0000000580000000, 0x000000079cd80000, 0x0000000800000000)
  eden space 7651328K, 0% used [0x0000000580000000,0x0000000580000000,0x0000000753000000)
  from space 90112K, 14% used [0x0000000753000000,0x0000000753c56648,0x0000000758800000)
  to   space 89600K, 0% used [0x0000000797600000,0x0000000797600000,0x000000079cd80000)
 ParOldGen       total 7775232K, used 7151504K [0x0000000080000000, 0x000000025a900000, 0x0000000580000000)
  object space 7775232K, 91% used [0x0000000080000000,0x00000002347e4110,0x000000025a900000)
 Metaspace       used 77896K, capacity 84308K, committed 96640K, reserved 1134592K
  class space    used 9312K, capacity 10054K, committed 12160K, reserved 1048576K
}
Event: 40686.143 GC heap before
{Heap before GC invocations=2792 (full 34):
 PSYoungGen      total 7741440K, used 7663961K [0x0000000580000000, 0x000000079cd80000, 0x0000000800000000)
  eden space 7651328K, 100% used [0x0000000580000000,0x0000000753000000,0x0000000753000000)
  from space 90112K, 14% used [0x0000000753000000,0x0000000753c56648,0x0000000758800000)
  to   space 89600K, 0% used [0x0000000797600000,0x0000000797600000,0x000000079cd80000)
 ParOldGen       total 7775232K, used 7151504K [0x0000000080000000, 0x000000025a900000, 0x0000000580000000)
  object space 7775232K, 91% used [0x0000000080000000,0x00000002347e4110,0x000000025a900000)
 Metaspace       used 77915K, capacity 84338K, committed 96640K, reserved 1134592K
  class space    used 9315K, capacity 10060K, committed 12160K, reserved 1048576K
Event: 40686.314 GC heap after
Heap after GC invocations=2792 (full 34):
 PSYoungGen      total 8771584K, used 50879K [0x0000000580000000, 0x000000079ee80000, 0x0000000800000000)
  eden space 8681984K, 0% used [0x0000000580000000,0x0000000580000000,0x0000000791e80000)
  from space 89600K, 56% used [0x0000000797600000,0x000000079a7affd0,0x000000079cd80000)
  to   space 89600K, 0% used [0x0000000791e80000,0x0000000791e80000,0x0000000797600000)
 ParOldGen       total 7775232K, used 7151552K [0x0000000080000000, 0x000000025a900000, 0x0000000580000000)
  object space 7775232K, 91% used [0x0000000080000000,0x00000002347f0110,0x000000025a900000)
 Metaspace       used 77915K, capacity 84338K, committed 96640K, reserved 1134592K
  class space    used 9315K, capacity 10060K, committed 12160K, reserved 1048576K
}
Event: 40696.902 GC heap before
{Heap before GC invocations=2793 (full 34):
 PSYoungGen      total 8771584K, used 8732863K [0x0000000580000000, 0x000000079ee80000, 0x0000000800000000)
  eden space 8681984K, 100% used [0x0000000580000000,0x0000000791e80000,0x0000000791e80000)
  from space 89600K, 56% used [0x0000000797600000,0x000000079a7affd0,0x000000079cd80000)
  to   space 89600K, 0% used [0x0000000791e80000,0x0000000791e80000,0x0000000797600000)
 ParOldGen       total 7775232K, used 7151552K [0x0000000080000000, 0x000000025a900000, 0x0000000580000000)
  object space 7775232K, 91% used [0x0000000080000000,0x00000002347f0110,0x000000025a900000)
 Metaspace       used 77927K, capacity 84358K, committed 96640K, reserved 1134592K
  class space    used 9318K, capacity 10064K, committed 12160K, reserved 1048576K

